<?xml version="1.0" encoding="UTF-8"?>
<Site BuildName="(empty)"
	BuildStamp="20250519-0936-Experimental"
	Name="(empty)"
	Generator="ctest-4.0.1"
	CompilerName=""
	CompilerVersion=""
	OSName="Linux"
	Hostname="boris-predatorph31755"
	OSRelease="6.12.25-1-MANJARO"
	OSVersion="#1 SMP PREEMPT_DYNAMIC Sat, 26 Apr 2025 05:36:37 +0000"
	OSPlatform="x86_64"
	Is64Bits="1"
	VendorString="GenuineIntel"
	VendorID="Intel Corporation"
	FamilyID="6"
	ModelID="141"
	ModelName="11th Gen Intel(R) Core(TM) i7-11800H @ 2.30GHz"
	ProcessorCacheSize="24576"
	NumberOfLogicalCPU="16"
	NumberOfPhysicalCPU="8"
	TotalVirtualMemory="0"
	TotalPhysicalMemory="15768"
	LogicalProcessorsPerPhysical="2"
	ProcessorClockFrequency="3946.2"
	>
	<Testing>
		<StartDateTime>May 19 12:39 EEST</StartDateTime>
		<StartTestTime>1747647564</StartTestTime>
		<TestList/>
		<EndDateTime>May 19 12:39 EEST</EndDateTime>
		<EndTestTime>1747647564</EndTestTime>
		<ElapsedMinutes>0</ElapsedMinutes>
	</Testing>
</Site>
